{"name":"hexo","hostname":"liumingdeMBP.lan","pid":588,"level":20,"msg":"Hexo version: \u001b[35m3.1.1\u001b[39m","time":"2016-01-17T04:31:20.619Z","v":0}
{"name":"hexo","hostname":"liumingdeMBP.lan","pid":588,"level":20,"msg":"Working directory: \u001b[35m~/workspace/rebounding.github.io/\u001b[39m","time":"2016-01-17T04:31:20.626Z","v":0}
{"name":"hexo","hostname":"liumingdeMBP.lan","pid":588,"level":20,"msg":"Config loaded: \u001b[35m~/workspace/rebounding.github.io/_config.yml\u001b[39m","time":"2016-01-17T04:31:20.711Z","v":0}
{"name":"hexo","hostname":"liumingdeMBP.lan","pid":588,"level":20,"msg":"Plugin loaded: \u001b[35mhexo-generator-archive\u001b[39m","time":"2016-01-17T04:31:20.725Z","v":0}
{"name":"hexo","hostname":"liumingdeMBP.lan","pid":588,"level":20,"msg":"Plugin loaded: \u001b[35mhexo-generator-index\u001b[39m","time":"2016-01-17T04:31:20.727Z","v":0}
{"name":"hexo","hostname":"liumingdeMBP.lan","pid":588,"level":20,"msg":"Plugin loaded: \u001b[35mhexo-generator-tag\u001b[39m","time":"2016-01-17T04:31:20.729Z","v":0}
{"name":"hexo","hostname":"liumingdeMBP.lan","pid":588,"level":20,"msg":"Plugin loaded: \u001b[35mhexo-generator-category\u001b[39m","time":"2016-01-17T04:31:20.731Z","v":0}
{"name":"hexo","hostname":"liumingdeMBP.lan","pid":588,"level":20,"msg":"Plugin loaded: \u001b[35mhexo-renderer-ejs\u001b[39m","time":"2016-01-17T04:31:20.733Z","v":0}
{"name":"hexo","hostname":"liumingdeMBP.lan","pid":588,"level":20,"msg":"Plugin loaded: \u001b[35mhexo-renderer-stylus\u001b[39m","time":"2016-01-17T04:31:20.840Z","v":0}
{"name":"hexo","hostname":"liumingdeMBP.lan","pid":588,"level":20,"msg":"Plugin loaded: \u001b[35mhexo-server\u001b[39m","time":"2016-01-17T04:31:20.926Z","v":0}
{"name":"hexo","hostname":"liumingdeMBP.lan","pid":588,"level":20,"msg":"Plugin loaded: \u001b[35mhexo-renderer-marked\u001b[39m","time":"2016-01-17T04:31:20.987Z","v":0}
{"name":"hexo","hostname":"liumingdeMBP.lan","pid":588,"level":20,"msg":"Script loaded: \u001b[35mthemes/next/scripts/filters/sticky.js\u001b[39m","time":"2016-01-17T04:31:20.989Z","v":0}
{"name":"hexo","hostname":"liumingdeMBP.lan","pid":588,"level":20,"msg":"Script loaded: \u001b[35mthemes/next/scripts/merge-configs.js\u001b[39m","time":"2016-01-17T04:31:20.991Z","v":0}
{"name":"hexo","hostname":"liumingdeMBP.lan","pid":588,"level":20,"msg":"Script loaded: \u001b[35mthemes/next/scripts/tags/center-quote.js\u001b[39m","time":"2016-01-17T04:31:20.992Z","v":0}
{"name":"hexo","hostname":"liumingdeMBP.lan","pid":588,"level":20,"msg":"Script loaded: \u001b[35mthemes/next/scripts/tags/full-image.js\u001b[39m","time":"2016-01-17T04:31:20.993Z","v":0}
{"name":"hexo","hostname":"liumingdeMBP.lan","pid":588,"level":20,"msg":"Script loaded: \u001b[35mthemes/next/scripts/tags/group-pictures.js\u001b[39m","time":"2016-01-17T04:31:20.994Z","v":0}
{"name":"hexo","hostname":"liumingdeMBP.lan","pid":588,"level":20,"msg":"Loading database.","time":"2016-01-17T04:31:21.003Z","v":0}
{"name":"hexo","hostname":"liumingdeMBP.lan","pid":588,"level":20,"msg":"Unchanged: \u001b[35msource/_posts/hello-world.md\u001b[39m","time":"2016-01-17T04:31:21.045Z","v":0}
{"name":"hexo","hostname":"liumingdeMBP.lan","pid":588,"level":20,"msg":"Processed: \u001b[35m_posts/hello-world.md\u001b[39m","time":"2016-01-17T04:31:21.053Z","v":0}
{"name":"hexo","hostname":"liumingdeMBP.lan","pid":588,"level":20,"msg":"Added: \u001b[35mthemes/next/layout/_scripts/schemes/mist.swig\u001b[39m","time":"2016-01-17T04:31:21.123Z","v":0}
{"name":"hexo","hostname":"liumingdeMBP.lan","pid":588,"level":20,"msg":"Added: \u001b[35mthemes/next/layout/_scripts/schemes/muse.swig\u001b[39m","time":"2016-01-17T04:31:21.123Z","v":0}
{"name":"hexo","hostname":"liumingdeMBP.lan","pid":588,"level":20,"msg":"Added: \u001b[35mthemes/next/source/css/_mixins/Mist.styl\u001b[39m","time":"2016-01-17T04:31:21.124Z","v":0}
{"name":"hexo","hostname":"liumingdeMBP.lan","pid":588,"level":20,"msg":"Added: \u001b[35mthemes/next/source/css/_mixins/Muse.styl\u001b[39m","time":"2016-01-17T04:31:21.124Z","v":0}
{"name":"hexo","hostname":"liumingdeMBP.lan","pid":588,"level":20,"msg":"Added: \u001b[35mthemes/next/source/css/_mixins/custom.styl\u001b[39m","time":"2016-01-17T04:31:21.124Z","v":0}
{"name":"hexo","hostname":"liumingdeMBP.lan","pid":588,"level":20,"msg":"Added: \u001b[35mthemes/next/source/css/_variables/Muse.styl\u001b[39m","time":"2016-01-17T04:31:21.124Z","v":0}
{"name":"hexo","hostname":"liumingdeMBP.lan","pid":588,"level":20,"msg":"Added: \u001b[35mthemes/next/source/css/_variables/custom.styl\u001b[39m","time":"2016-01-17T04:31:21.124Z","v":0}
{"name":"hexo","hostname":"liumingdeMBP.lan","pid":588,"level":20,"msg":"Added: \u001b[35mthemes/next/README.en.md\u001b[39m","time":"2016-01-17T04:31:21.135Z","v":0}
{"name":"hexo","hostname":"liumingdeMBP.lan","pid":588,"level":20,"msg":"Added: \u001b[35mthemes/next/README.md\u001b[39m","time":"2016-01-17T04:31:21.135Z","v":0}
{"name":"hexo","hostname":"liumingdeMBP.lan","pid":588,"level":20,"msg":"Added: \u001b[35mthemes/next/_config.yml\u001b[39m","time":"2016-01-17T04:31:21.136Z","v":0}
{"name":"hexo","hostname":"liumingdeMBP.lan","pid":588,"level":20,"msg":"Added: \u001b[35mthemes/next/bower.json\u001b[39m","time":"2016-01-17T04:31:21.136Z","v":0}
{"name":"hexo","hostname":"liumingdeMBP.lan","pid":588,"level":20,"msg":"Added: \u001b[35mthemes/next/gulpfile.coffee\u001b[39m","time":"2016-01-17T04:31:21.136Z","v":0}
{"name":"hexo","hostname":"liumingdeMBP.lan","pid":588,"level":20,"msg":"Added: \u001b[35mthemes/next/languages/de.yml\u001b[39m","time":"2016-01-17T04:31:21.136Z","v":0}
{"name":"hexo","hostname":"liumingdeMBP.lan","pid":588,"level":20,"msg":"Added: \u001b[35mthemes/next/languages/default.yml\u001b[39m","time":"2016-01-17T04:31:21.136Z","v":0}
{"name":"hexo","hostname":"liumingdeMBP.lan","pid":588,"level":20,"msg":"Added: \u001b[35mthemes/next/languages/fr-FR.yml\u001b[39m","time":"2016-01-17T04:31:21.137Z","v":0}
{"name":"hexo","hostname":"liumingdeMBP.lan","pid":588,"level":20,"msg":"Added: \u001b[35mthemes/next/languages/en.yml\u001b[39m","time":"2016-01-17T04:31:21.138Z","v":0}
{"name":"hexo","hostname":"liumingdeMBP.lan","pid":588,"level":20,"msg":"Added: \u001b[35mthemes/next/languages/pt.yml\u001b[39m","time":"2016-01-17T04:31:21.138Z","v":0}
{"name":"hexo","hostname":"liumingdeMBP.lan","pid":588,"level":20,"msg":"Added: \u001b[35mthemes/next/languages/zh-Hans.yml\u001b[39m","time":"2016-01-17T04:31:21.138Z","v":0}
{"name":"hexo","hostname":"liumingdeMBP.lan","pid":588,"level":20,"msg":"Added: \u001b[35mthemes/next/languages/ru.yml\u001b[39m","time":"2016-01-17T04:31:21.138Z","v":0}
{"name":"hexo","hostname":"liumingdeMBP.lan","pid":588,"level":20,"msg":"Added: \u001b[35mthemes/next/languages/zh-hk.yml\u001b[39m","time":"2016-01-17T04:31:21.138Z","v":0}
{"name":"hexo","hostname":"liumingdeMBP.lan","pid":588,"level":20,"msg":"Added: \u001b[35mthemes/next/languages/zh-tw.yml\u001b[39m","time":"2016-01-17T04:31:21.138Z","v":0}
{"name":"hexo","hostname":"liumingdeMBP.lan","pid":588,"level":20,"msg":"Added: \u001b[35mthemes/next/layout/_layout.swig\u001b[39m","time":"2016-01-17T04:31:21.138Z","v":0}
{"name":"hexo","hostname":"liumingdeMBP.lan","pid":588,"level":20,"msg":"Added: \u001b[35mthemes/next/layout/_macro/post-collapse.swig\u001b[39m","time":"2016-01-17T04:31:21.138Z","v":0}
{"name":"hexo","hostname":"liumingdeMBP.lan","pid":588,"level":20,"msg":"Added: \u001b[35mthemes/next/layout/_macro/post.swig\u001b[39m","time":"2016-01-17T04:31:21.139Z","v":0}
{"name":"hexo","hostname":"liumingdeMBP.lan","pid":588,"level":20,"msg":"Added: \u001b[35mthemes/next/layout/_macro/sidebar.swig\u001b[39m","time":"2016-01-17T04:31:21.139Z","v":0}
{"name":"hexo","hostname":"liumingdeMBP.lan","pid":588,"level":20,"msg":"Added: \u001b[35mthemes/next/layout/_partials/comments.swig\u001b[39m","time":"2016-01-17T04:31:21.139Z","v":0}
{"name":"hexo","hostname":"liumingdeMBP.lan","pid":588,"level":20,"msg":"Added: \u001b[35mthemes/next/layout/_partials/duoshuo-hot-articles.swig\u001b[39m","time":"2016-01-17T04:31:21.139Z","v":0}
{"name":"hexo","hostname":"liumingdeMBP.lan","pid":588,"level":20,"msg":"Added: \u001b[35mthemes/next/layout/_partials/footer.swig\u001b[39m","time":"2016-01-17T04:31:21.139Z","v":0}
{"name":"hexo","hostname":"liumingdeMBP.lan","pid":588,"level":20,"msg":"Added: \u001b[35mthemes/next/layout/_partials/head.swig\u001b[39m","time":"2016-01-17T04:31:21.139Z","v":0}
{"name":"hexo","hostname":"liumingdeMBP.lan","pid":588,"level":20,"msg":"Added: \u001b[35mthemes/next/layout/_partials/header.swig\u001b[39m","time":"2016-01-17T04:31:21.139Z","v":0}
{"name":"hexo","hostname":"liumingdeMBP.lan","pid":588,"level":20,"msg":"Added: \u001b[35mthemes/next/layout/_partials/pagination.swig\u001b[39m","time":"2016-01-17T04:31:21.140Z","v":0}
{"name":"hexo","hostname":"liumingdeMBP.lan","pid":588,"level":20,"msg":"Added: \u001b[35mthemes/next/layout/_partials/search/swiftype.swig\u001b[39m","time":"2016-01-17T04:31:21.140Z","v":0}
{"name":"hexo","hostname":"liumingdeMBP.lan","pid":588,"level":20,"msg":"Added: \u001b[35mthemes/next/layout/_partials/search/tinysou.swig\u001b[39m","time":"2016-01-17T04:31:21.140Z","v":0}
{"name":"hexo","hostname":"liumingdeMBP.lan","pid":588,"level":20,"msg":"Added: \u001b[35mthemes/next/layout/_partials/search.swig\u001b[39m","time":"2016-01-17T04:31:21.140Z","v":0}
{"name":"hexo","hostname":"liumingdeMBP.lan","pid":588,"level":20,"msg":"Added: \u001b[35mthemes/next/layout/_partials/share/duoshuo_share.swig\u001b[39m","time":"2016-01-17T04:31:21.140Z","v":0}
{"name":"hexo","hostname":"liumingdeMBP.lan","pid":588,"level":20,"msg":"Added: \u001b[35mthemes/next/layout/_scripts/boostrap.swig\u001b[39m","time":"2016-01-17T04:31:21.140Z","v":0}
{"name":"hexo","hostname":"liumingdeMBP.lan","pid":588,"level":20,"msg":"Added: \u001b[35mthemes/next/layout/_partials/share/jiathis.swig\u001b[39m","time":"2016-01-17T04:31:21.149Z","v":0}
{"name":"hexo","hostname":"liumingdeMBP.lan","pid":588,"level":20,"msg":"Added: \u001b[35mthemes/next/layout/_scripts/commons.swig\u001b[39m","time":"2016-01-17T04:31:21.149Z","v":0}
{"name":"hexo","hostname":"liumingdeMBP.lan","pid":588,"level":20,"msg":"Added: \u001b[35mthemes/next/layout/_scripts/pages/post-details.swig\u001b[39m","time":"2016-01-17T04:31:21.149Z","v":0}
{"name":"hexo","hostname":"liumingdeMBP.lan","pid":588,"level":20,"msg":"Added: \u001b[35mthemes/next/layout/_scripts/schemes/pisces.swig\u001b[39m","time":"2016-01-17T04:31:21.149Z","v":0}
{"name":"hexo","hostname":"liumingdeMBP.lan","pid":588,"level":20,"msg":"Added: \u001b[35mthemes/next/layout/_scripts/third-party/analytics/baidu-analytics.swig\u001b[39m","time":"2016-01-17T04:31:21.149Z","v":0}
{"name":"hexo","hostname":"liumingdeMBP.lan","pid":588,"level":20,"msg":"Added: \u001b[35mthemes/next/layout/_scripts/third-party/analytics/facebook-sdk.swig\u001b[39m","time":"2016-01-17T04:31:21.149Z","v":0}
{"name":"hexo","hostname":"liumingdeMBP.lan","pid":588,"level":20,"msg":"Added: \u001b[35mthemes/next/layout/_scripts/third-party/analytics/google-analytics.swig\u001b[39m","time":"2016-01-17T04:31:21.150Z","v":0}
{"name":"hexo","hostname":"liumingdeMBP.lan","pid":588,"level":20,"msg":"Added: \u001b[35mthemes/next/layout/_scripts/third-party/analytics/tencent-analytics.swig\u001b[39m","time":"2016-01-17T04:31:21.150Z","v":0}
{"name":"hexo","hostname":"liumingdeMBP.lan","pid":588,"level":20,"msg":"Added: \u001b[35mthemes/next/layout/_scripts/third-party/analytics.swig\u001b[39m","time":"2016-01-17T04:31:21.150Z","v":0}
{"name":"hexo","hostname":"liumingdeMBP.lan","pid":588,"level":20,"msg":"Added: \u001b[35mthemes/next/layout/_scripts/third-party/baidushare.swig\u001b[39m","time":"2016-01-17T04:31:21.150Z","v":0}
{"name":"hexo","hostname":"liumingdeMBP.lan","pid":588,"level":20,"msg":"Added: \u001b[35mthemes/next/layout/_scripts/third-party/comments/disqus.swig\u001b[39m","time":"2016-01-17T04:31:21.150Z","v":0}
{"name":"hexo","hostname":"liumingdeMBP.lan","pid":588,"level":20,"msg":"Added: \u001b[35mthemes/next/layout/_scripts/third-party/comments/duoshuo.swig\u001b[39m","time":"2016-01-17T04:31:21.150Z","v":0}
{"name":"hexo","hostname":"liumingdeMBP.lan","pid":588,"level":20,"msg":"Added: \u001b[35mthemes/next/layout/_scripts/third-party/comments.swig\u001b[39m","time":"2016-01-17T04:31:21.150Z","v":0}
{"name":"hexo","hostname":"liumingdeMBP.lan","pid":588,"level":20,"msg":"Added: \u001b[35mthemes/next/layout/_scripts/third-party/lean-analytics.swig\u001b[39m","time":"2016-01-17T04:31:21.150Z","v":0}
{"name":"hexo","hostname":"liumingdeMBP.lan","pid":588,"level":20,"msg":"Added: \u001b[35mthemes/next/layout/_scripts/third-party/mathjax.swig\u001b[39m","time":"2016-01-17T04:31:21.151Z","v":0}
{"name":"hexo","hostname":"liumingdeMBP.lan","pid":588,"level":20,"msg":"Added: \u001b[35mthemes/next/layout/_scripts/third-party/tinysou.swig\u001b[39m","time":"2016-01-17T04:31:21.151Z","v":0}
{"name":"hexo","hostname":"liumingdeMBP.lan","pid":588,"level":20,"msg":"Added: \u001b[35mthemes/next/layout/_scripts/vendors.swig\u001b[39m","time":"2016-01-17T04:31:21.151Z","v":0}
{"name":"hexo","hostname":"liumingdeMBP.lan","pid":588,"level":20,"msg":"Added: \u001b[35mthemes/next/layout/archive.swig\u001b[39m","time":"2016-01-17T04:31:21.151Z","v":0}
{"name":"hexo","hostname":"liumingdeMBP.lan","pid":588,"level":20,"msg":"Added: \u001b[35mthemes/next/layout/category.swig\u001b[39m","time":"2016-01-17T04:31:21.151Z","v":0}
{"name":"hexo","hostname":"liumingdeMBP.lan","pid":588,"level":20,"msg":"Added: \u001b[35mthemes/next/layout/index.swig\u001b[39m","time":"2016-01-17T04:31:21.151Z","v":0}
{"name":"hexo","hostname":"liumingdeMBP.lan","pid":588,"level":20,"msg":"Added: \u001b[35mthemes/next/layout/page.swig\u001b[39m","time":"2016-01-17T04:31:21.151Z","v":0}
{"name":"hexo","hostname":"liumingdeMBP.lan","pid":588,"level":20,"msg":"Added: \u001b[35mthemes/next/layout/post.swig\u001b[39m","time":"2016-01-17T04:31:21.151Z","v":0}
{"name":"hexo","hostname":"liumingdeMBP.lan","pid":588,"level":20,"msg":"Added: \u001b[35mthemes/next/layout/tag.swig\u001b[39m","time":"2016-01-17T04:31:21.151Z","v":0}
{"name":"hexo","hostname":"liumingdeMBP.lan","pid":588,"level":20,"msg":"Added: \u001b[35mthemes/next/package.json\u001b[39m","time":"2016-01-17T04:31:21.151Z","v":0}
{"name":"hexo","hostname":"liumingdeMBP.lan","pid":588,"level":20,"msg":"Added: \u001b[35mthemes/next/scripts/filters/sticky.js\u001b[39m","time":"2016-01-17T04:31:21.151Z","v":0}
{"name":"hexo","hostname":"liumingdeMBP.lan","pid":588,"level":20,"msg":"Added: \u001b[35mthemes/next/scripts/merge-configs.js\u001b[39m","time":"2016-01-17T04:31:21.152Z","v":0}
{"name":"hexo","hostname":"liumingdeMBP.lan","pid":588,"level":20,"msg":"Added: \u001b[35mthemes/next/scripts/tags/center-quote.js\u001b[39m","time":"2016-01-17T04:31:21.152Z","v":0}
{"name":"hexo","hostname":"liumingdeMBP.lan","pid":588,"level":20,"msg":"Added: \u001b[35mthemes/next/scripts/tags/full-image.js\u001b[39m","time":"2016-01-17T04:31:21.152Z","v":0}
{"name":"hexo","hostname":"liumingdeMBP.lan","pid":588,"level":20,"msg":"Added: \u001b[35mthemes/next/source/css/_common/_component/posts-expand.styl\u001b[39m","time":"2016-01-17T04:31:21.152Z","v":0}
{"name":"hexo","hostname":"liumingdeMBP.lan","pid":588,"level":20,"msg":"Added: \u001b[35mthemes/next/source/css/_common/components/back-to-top.styl\u001b[39m","time":"2016-01-17T04:31:21.152Z","v":0}
{"name":"hexo","hostname":"liumingdeMBP.lan","pid":588,"level":20,"msg":"Added: \u001b[35mthemes/next/source/css/_common/components/buttons.styl\u001b[39m","time":"2016-01-17T04:31:21.152Z","v":0}
{"name":"hexo","hostname":"liumingdeMBP.lan","pid":588,"level":20,"msg":"Added: \u001b[35mthemes/next/scripts/tags/group-pictures.js\u001b[39m","time":"2016-01-17T04:31:21.152Z","v":0}
{"name":"hexo","hostname":"liumingdeMBP.lan","pid":588,"level":20,"msg":"Added: \u001b[35mthemes/next/source/css/_common/_section/header.styl\u001b[39m","time":"2016-01-17T04:31:21.152Z","v":0}
{"name":"hexo","hostname":"liumingdeMBP.lan","pid":588,"level":20,"msg":"Added: \u001b[35mthemes/next/source/css/_common/components/comments.styl\u001b[39m","time":"2016-01-17T04:31:21.152Z","v":0}
{"name":"hexo","hostname":"liumingdeMBP.lan","pid":588,"level":20,"msg":"Added: \u001b[35mthemes/next/source/css/_common/components/components.styl\u001b[39m","time":"2016-01-17T04:31:21.152Z","v":0}
{"name":"hexo","hostname":"liumingdeMBP.lan","pid":588,"level":20,"msg":"Added: \u001b[35mthemes/next/source/css/_common/components/header/header.styl\u001b[39m","time":"2016-01-17T04:31:21.152Z","v":0}
{"name":"hexo","hostname":"liumingdeMBP.lan","pid":588,"level":20,"msg":"Added: \u001b[35mthemes/next/source/css/_common/components/footer/footer.styl\u001b[39m","time":"2016-01-17T04:31:21.152Z","v":0}
{"name":"hexo","hostname":"liumingdeMBP.lan","pid":588,"level":20,"msg":"Added: \u001b[35mthemes/next/source/css/_common/components/header/headerband.styl\u001b[39m","time":"2016-01-17T04:31:21.152Z","v":0}
{"name":"hexo","hostname":"liumingdeMBP.lan","pid":588,"level":20,"msg":"Added: \u001b[35mthemes/next/source/css/_common/components/header/menu.styl\u001b[39m","time":"2016-01-17T04:31:21.153Z","v":0}
{"name":"hexo","hostname":"liumingdeMBP.lan","pid":588,"level":20,"msg":"Added: \u001b[35mthemes/next/source/css/_common/components/header/site-meta.styl\u001b[39m","time":"2016-01-17T04:31:21.153Z","v":0}
{"name":"hexo","hostname":"liumingdeMBP.lan","pid":588,"level":20,"msg":"Added: \u001b[35mthemes/next/source/css/_common/components/header/site-nav.styl\u001b[39m","time":"2016-01-17T04:31:21.153Z","v":0}
{"name":"hexo","hostname":"liumingdeMBP.lan","pid":588,"level":20,"msg":"Added: \u001b[35mthemes/next/source/css/_common/components/highlight/highlight.styl\u001b[39m","time":"2016-01-17T04:31:21.153Z","v":0}
{"name":"hexo","hostname":"liumingdeMBP.lan","pid":588,"level":20,"msg":"Added: \u001b[35mthemes/next/source/css/_common/components/highlight/theme.styl\u001b[39m","time":"2016-01-17T04:31:21.153Z","v":0}
{"name":"hexo","hostname":"liumingdeMBP.lan","pid":588,"level":20,"msg":"Added: \u001b[35mthemes/next/source/css/_common/components/pages/archive.styl\u001b[39m","time":"2016-01-17T04:31:21.153Z","v":0}
{"name":"hexo","hostname":"liumingdeMBP.lan","pid":588,"level":20,"msg":"Added: \u001b[35mthemes/next/source/css/_common/components/pages/categories.styl\u001b[39m","time":"2016-01-17T04:31:21.153Z","v":0}
{"name":"hexo","hostname":"liumingdeMBP.lan","pid":588,"level":20,"msg":"Added: \u001b[35mthemes/next/source/css/_common/components/pages/pages.styl\u001b[39m","time":"2016-01-17T04:31:21.153Z","v":0}
{"name":"hexo","hostname":"liumingdeMBP.lan","pid":588,"level":20,"msg":"Added: \u001b[35mthemes/next/source/css/_common/components/pages/post-detail.styl\u001b[39m","time":"2016-01-17T04:31:21.153Z","v":0}
{"name":"hexo","hostname":"liumingdeMBP.lan","pid":588,"level":20,"msg":"Added: \u001b[35mthemes/next/source/css/_common/components/pagination.styl\u001b[39m","time":"2016-01-17T04:31:21.153Z","v":0}
{"name":"hexo","hostname":"liumingdeMBP.lan","pid":588,"level":20,"msg":"Added: \u001b[35mthemes/next/source/css/_common/components/post/post-collapse.styl\u001b[39m","time":"2016-01-17T04:31:21.153Z","v":0}
{"name":"hexo","hostname":"liumingdeMBP.lan","pid":588,"level":20,"msg":"Added: \u001b[35mthemes/next/source/css/_common/components/post/post-eof.styl\u001b[39m","time":"2016-01-17T04:31:21.153Z","v":0}
{"name":"hexo","hostname":"liumingdeMBP.lan","pid":588,"level":20,"msg":"Added: \u001b[35mthemes/next/source/css/_common/components/post/post-expand.styl\u001b[39m","time":"2016-01-17T04:31:21.154Z","v":0}
{"name":"hexo","hostname":"liumingdeMBP.lan","pid":588,"level":20,"msg":"Added: \u001b[35mthemes/next/source/css/_common/components/post/post-gallery.styl\u001b[39m","time":"2016-01-17T04:31:21.154Z","v":0}
{"name":"hexo","hostname":"liumingdeMBP.lan","pid":588,"level":20,"msg":"Added: \u001b[35mthemes/next/source/css/_common/components/post/post-meta.styl\u001b[39m","time":"2016-01-17T04:31:21.154Z","v":0}
{"name":"hexo","hostname":"liumingdeMBP.lan","pid":588,"level":20,"msg":"Added: \u001b[35mthemes/next/source/css/_common/components/post/post-more-link.styl\u001b[39m","time":"2016-01-17T04:31:21.154Z","v":0}
{"name":"hexo","hostname":"liumingdeMBP.lan","pid":588,"level":20,"msg":"Added: \u001b[35mthemes/next/source/css/_common/components/post/post-nav.styl\u001b[39m","time":"2016-01-17T04:31:21.154Z","v":0}
{"name":"hexo","hostname":"liumingdeMBP.lan","pid":588,"level":20,"msg":"Added: \u001b[35mthemes/next/source/css/_common/components/post/post-tags.styl\u001b[39m","time":"2016-01-17T04:31:21.154Z","v":0}
{"name":"hexo","hostname":"liumingdeMBP.lan","pid":588,"level":20,"msg":"Added: \u001b[35mthemes/next/source/css/_common/components/post/post-title.styl\u001b[39m","time":"2016-01-17T04:31:21.154Z","v":0}
{"name":"hexo","hostname":"liumingdeMBP.lan","pid":588,"level":20,"msg":"Added: \u001b[35mthemes/next/source/css/_common/components/post/post-type.styl\u001b[39m","time":"2016-01-17T04:31:21.154Z","v":0}
{"name":"hexo","hostname":"liumingdeMBP.lan","pid":588,"level":20,"msg":"Added: \u001b[35mthemes/next/source/css/_common/components/post/post.styl\u001b[39m","time":"2016-01-17T04:31:21.154Z","v":0}
{"name":"hexo","hostname":"liumingdeMBP.lan","pid":588,"level":20,"msg":"Added: \u001b[35mthemes/next/source/css/_common/components/sidebar/sidebar-author-links.styl\u001b[39m","time":"2016-01-17T04:31:21.154Z","v":0}
{"name":"hexo","hostname":"liumingdeMBP.lan","pid":588,"level":20,"msg":"Added: \u001b[35mthemes/next/source/css/_common/components/sidebar/sidebar-author.styl\u001b[39m","time":"2016-01-17T04:31:21.154Z","v":0}
{"name":"hexo","hostname":"liumingdeMBP.lan","pid":588,"level":20,"msg":"Added: \u001b[35mthemes/next/source/css/_common/components/sidebar/sidebar-feed-link.styl\u001b[39m","time":"2016-01-17T04:31:21.155Z","v":0}
{"name":"hexo","hostname":"liumingdeMBP.lan","pid":588,"level":20,"msg":"Added: \u001b[35mthemes/next/source/css/_common/components/sidebar/sidebar-nav.styl\u001b[39m","time":"2016-01-17T04:31:21.155Z","v":0}
{"name":"hexo","hostname":"liumingdeMBP.lan","pid":588,"level":20,"msg":"Added: \u001b[35mthemes/next/source/css/_common/components/sidebar/sidebar-toc.styl\u001b[39m","time":"2016-01-17T04:31:21.155Z","v":0}
{"name":"hexo","hostname":"liumingdeMBP.lan","pid":588,"level":20,"msg":"Added: \u001b[35mthemes/next/source/css/_common/components/sidebar/sidebar-toggle.styl\u001b[39m","time":"2016-01-17T04:31:21.155Z","v":0}
{"name":"hexo","hostname":"liumingdeMBP.lan","pid":588,"level":20,"msg":"Added: \u001b[35mthemes/next/source/css/_common/components/sidebar/sidebar.styl\u001b[39m","time":"2016-01-17T04:31:21.155Z","v":0}
{"name":"hexo","hostname":"liumingdeMBP.lan","pid":588,"level":20,"msg":"Added: \u001b[35mthemes/next/source/css/_common/components/sidebar/site-state.styl\u001b[39m","time":"2016-01-17T04:31:21.155Z","v":0}
{"name":"hexo","hostname":"liumingdeMBP.lan","pid":588,"level":20,"msg":"Added: \u001b[35mthemes/next/source/css/_common/components/tag-cloud.styl\u001b[39m","time":"2016-01-17T04:31:21.155Z","v":0}
{"name":"hexo","hostname":"liumingdeMBP.lan","pid":588,"level":20,"msg":"Added: \u001b[35mthemes/next/source/css/_common/components/tags/blockquote-center.styl\u001b[39m","time":"2016-01-17T04:31:21.155Z","v":0}
{"name":"hexo","hostname":"liumingdeMBP.lan","pid":588,"level":20,"msg":"Added: \u001b[35mthemes/next/source/css/_common/components/tags/full-image.styl\u001b[39m","time":"2016-01-17T04:31:21.155Z","v":0}
{"name":"hexo","hostname":"liumingdeMBP.lan","pid":588,"level":20,"msg":"Added: \u001b[35mthemes/next/source/css/_common/components/tags/group-pictures.styl\u001b[39m","time":"2016-01-17T04:31:21.155Z","v":0}
{"name":"hexo","hostname":"liumingdeMBP.lan","pid":588,"level":20,"msg":"Added: \u001b[35mthemes/next/source/css/_common/components/tags/tags.styl\u001b[39m","time":"2016-01-17T04:31:21.156Z","v":0}
{"name":"hexo","hostname":"liumingdeMBP.lan","pid":588,"level":20,"msg":"Added: \u001b[35mthemes/next/source/css/_common/components/third-party/duoshuo.styl\u001b[39m","time":"2016-01-17T04:31:21.156Z","v":0}
{"name":"hexo","hostname":"liumingdeMBP.lan","pid":588,"level":20,"msg":"Added: \u001b[35mthemes/next/source/css/_common/components/third-party/jiathis.styl\u001b[39m","time":"2016-01-17T04:31:21.157Z","v":0}
{"name":"hexo","hostname":"liumingdeMBP.lan","pid":588,"level":20,"msg":"Added: \u001b[35mthemes/next/source/css/_common/components/third-party/third-party.styl\u001b[39m","time":"2016-01-17T04:31:21.158Z","v":0}
{"name":"hexo","hostname":"liumingdeMBP.lan","pid":588,"level":20,"msg":"Added: \u001b[35mthemes/next/source/css/_common/outline/outline.styl\u001b[39m","time":"2016-01-17T04:31:21.158Z","v":0}
{"name":"hexo","hostname":"liumingdeMBP.lan","pid":588,"level":20,"msg":"Added: \u001b[35mthemes/next/source/css/_common/scaffolding/base.styl\u001b[39m","time":"2016-01-17T04:31:21.158Z","v":0}
{"name":"hexo","hostname":"liumingdeMBP.lan","pid":588,"level":20,"msg":"Added: \u001b[35mthemes/next/source/css/_common/scaffolding/helpers.styl\u001b[39m","time":"2016-01-17T04:31:21.159Z","v":0}
{"name":"hexo","hostname":"liumingdeMBP.lan","pid":588,"level":20,"msg":"Added: \u001b[35mthemes/next/source/css/_common/scaffolding/normalize.styl\u001b[39m","time":"2016-01-17T04:31:21.159Z","v":0}
{"name":"hexo","hostname":"liumingdeMBP.lan","pid":588,"level":20,"msg":"Added: \u001b[35mthemes/next/source/css/_common/scaffolding/scaffolding.styl\u001b[39m","time":"2016-01-17T04:31:21.159Z","v":0}
{"name":"hexo","hostname":"liumingdeMBP.lan","pid":588,"level":20,"msg":"Added: \u001b[35mthemes/next/source/css/_common/scaffolding/tables.styl\u001b[39m","time":"2016-01-17T04:31:21.159Z","v":0}
{"name":"hexo","hostname":"liumingdeMBP.lan","pid":588,"level":20,"msg":"Added: \u001b[35mthemes/next/source/css/_custom/custom.styl\u001b[39m","time":"2016-01-17T04:31:21.159Z","v":0}
{"name":"hexo","hostname":"liumingdeMBP.lan","pid":588,"level":20,"msg":"Added: \u001b[35mthemes/next/source/css/_mixins/Pisces.styl\u001b[39m","time":"2016-01-17T04:31:21.159Z","v":0}
{"name":"hexo","hostname":"liumingdeMBP.lan","pid":588,"level":20,"msg":"Added: \u001b[35mthemes/next/source/css/_mixins/base.styl\u001b[39m","time":"2016-01-17T04:31:21.159Z","v":0}
{"name":"hexo","hostname":"liumingdeMBP.lan","pid":588,"level":20,"msg":"Added: \u001b[35mthemes/next/source/css/_schemes/Mist/_base.styl\u001b[39m","time":"2016-01-17T04:31:21.160Z","v":0}
{"name":"hexo","hostname":"liumingdeMBP.lan","pid":588,"level":20,"msg":"Added: \u001b[35mthemes/next/source/css/_schemes/Mist/_header.styl\u001b[39m","time":"2016-01-17T04:31:21.160Z","v":0}
{"name":"hexo","hostname":"liumingdeMBP.lan","pid":588,"level":20,"msg":"Added: \u001b[35mthemes/next/source/css/_schemes/Mist/_logo.styl\u001b[39m","time":"2016-01-17T04:31:21.160Z","v":0}
{"name":"hexo","hostname":"liumingdeMBP.lan","pid":588,"level":20,"msg":"Added: \u001b[35mthemes/next/source/css/_schemes/Mist/_menu.styl\u001b[39m","time":"2016-01-17T04:31:21.160Z","v":0}
{"name":"hexo","hostname":"liumingdeMBP.lan","pid":588,"level":20,"msg":"Added: \u001b[35mthemes/next/source/css/_schemes/Mist/_posts-expanded.styl\u001b[39m","time":"2016-01-17T04:31:21.160Z","v":0}
{"name":"hexo","hostname":"liumingdeMBP.lan","pid":588,"level":20,"msg":"Added: \u001b[35mthemes/next/source/css/_schemes/Mist/index.styl\u001b[39m","time":"2016-01-17T04:31:21.161Z","v":0}
{"name":"hexo","hostname":"liumingdeMBP.lan","pid":588,"level":20,"msg":"Added: \u001b[35mthemes/next/source/css/_schemes/Muse/_logo.styl\u001b[39m","time":"2016-01-17T04:31:21.161Z","v":0}
{"name":"hexo","hostname":"liumingdeMBP.lan","pid":588,"level":20,"msg":"Added: \u001b[35mthemes/next/source/css/_schemes/Muse/_menu.styl\u001b[39m","time":"2016-01-17T04:31:21.161Z","v":0}
{"name":"hexo","hostname":"liumingdeMBP.lan","pid":588,"level":20,"msg":"Added: \u001b[35mthemes/next/source/css/_schemes/Muse/_search.styl\u001b[39m","time":"2016-01-17T04:31:21.163Z","v":0}
{"name":"hexo","hostname":"liumingdeMBP.lan","pid":588,"level":20,"msg":"Added: \u001b[35mthemes/next/source/css/_schemes/Muse/index.styl\u001b[39m","time":"2016-01-17T04:31:21.163Z","v":0}
{"name":"hexo","hostname":"liumingdeMBP.lan","pid":588,"level":20,"msg":"Added: \u001b[35mthemes/next/source/css/_schemes/Pisces/_brand.styl\u001b[39m","time":"2016-01-17T04:31:21.163Z","v":0}
{"name":"hexo","hostname":"liumingdeMBP.lan","pid":588,"level":20,"msg":"Added: \u001b[35mthemes/next/source/css/_schemes/Pisces/_full-image.styl\u001b[39m","time":"2016-01-17T04:31:21.163Z","v":0}
{"name":"hexo","hostname":"liumingdeMBP.lan","pid":588,"level":20,"msg":"Added: \u001b[35mthemes/next/source/css/_schemes/Pisces/_layout.styl\u001b[39m","time":"2016-01-17T04:31:21.164Z","v":0}
{"name":"hexo","hostname":"liumingdeMBP.lan","pid":588,"level":20,"msg":"Added: \u001b[35mthemes/next/source/css/_schemes/Pisces/_menu.styl\u001b[39m","time":"2016-01-17T04:31:21.164Z","v":0}
{"name":"hexo","hostname":"liumingdeMBP.lan","pid":588,"level":20,"msg":"Added: \u001b[35mthemes/next/source/css/_schemes/Pisces/_posts.styl\u001b[39m","time":"2016-01-17T04:31:21.164Z","v":0}
{"name":"hexo","hostname":"liumingdeMBP.lan","pid":588,"level":20,"msg":"Added: \u001b[35mthemes/next/source/css/_schemes/Pisces/_sidebar.styl\u001b[39m","time":"2016-01-17T04:31:21.164Z","v":0}
{"name":"hexo","hostname":"liumingdeMBP.lan","pid":588,"level":20,"msg":"Added: \u001b[35mthemes/next/source/css/_variables/Mist.styl\u001b[39m","time":"2016-01-17T04:31:21.164Z","v":0}
{"name":"hexo","hostname":"liumingdeMBP.lan","pid":588,"level":20,"msg":"Added: \u001b[35mthemes/next/source/css/_schemes/Pisces/index.styl\u001b[39m","time":"2016-01-17T04:31:21.165Z","v":0}
{"name":"hexo","hostname":"liumingdeMBP.lan","pid":588,"level":20,"msg":"Added: \u001b[35mthemes/next/source/css/_variables/Pisces.styl\u001b[39m","time":"2016-01-17T04:31:21.165Z","v":0}
{"name":"hexo","hostname":"liumingdeMBP.lan","pid":588,"level":20,"msg":"Added: \u001b[35mthemes/next/source/css/_variables/base.styl\u001b[39m","time":"2016-01-17T04:31:21.165Z","v":0}
{"name":"hexo","hostname":"liumingdeMBP.lan","pid":588,"level":20,"msg":"Added: \u001b[35mthemes/next/source/css/_variables/default.styl\u001b[39m","time":"2016-01-17T04:31:21.166Z","v":0}
{"name":"hexo","hostname":"liumingdeMBP.lan","pid":588,"level":20,"msg":"Added: \u001b[35mthemes/next/source/css/main.styl\u001b[39m","time":"2016-01-17T04:31:21.166Z","v":0}
{"name":"hexo","hostname":"liumingdeMBP.lan","pid":588,"level":20,"msg":"Added: \u001b[35mthemes/next/source/images/cc-by-nc-nd.svg\u001b[39m","time":"2016-01-17T04:31:21.166Z","v":0}
{"name":"hexo","hostname":"liumingdeMBP.lan","pid":588,"level":20,"msg":"Added: \u001b[35mthemes/next/source/images/cc-by-nc-sa.svg\u001b[39m","time":"2016-01-17T04:31:21.166Z","v":0}
{"name":"hexo","hostname":"liumingdeMBP.lan","pid":588,"level":20,"msg":"Added: \u001b[35mthemes/next/source/images/cc-by-nc.svg\u001b[39m","time":"2016-01-17T04:31:21.166Z","v":0}
{"name":"hexo","hostname":"liumingdeMBP.lan","pid":588,"level":20,"msg":"Added: \u001b[35mthemes/next/source/images/cc-by-nd.svg\u001b[39m","time":"2016-01-17T04:31:21.166Z","v":0}
{"name":"hexo","hostname":"liumingdeMBP.lan","pid":588,"level":20,"msg":"Added: \u001b[35mthemes/next/source/images/cc-by-sa.svg\u001b[39m","time":"2016-01-17T04:31:21.166Z","v":0}
{"name":"hexo","hostname":"liumingdeMBP.lan","pid":588,"level":20,"msg":"Added: \u001b[35mthemes/next/source/images/cc-by.svg\u001b[39m","time":"2016-01-17T04:31:21.166Z","v":0}
{"name":"hexo","hostname":"liumingdeMBP.lan","pid":588,"level":20,"msg":"Added: \u001b[35mthemes/next/source/images/cc-zero.svg\u001b[39m","time":"2016-01-17T04:31:21.166Z","v":0}
{"name":"hexo","hostname":"liumingdeMBP.lan","pid":588,"level":20,"msg":"Added: \u001b[35mthemes/next/source/images/loading.gif\u001b[39m","time":"2016-01-17T04:31:21.167Z","v":0}
{"name":"hexo","hostname":"liumingdeMBP.lan","pid":588,"level":20,"msg":"Added: \u001b[35mthemes/next/source/images/placeholder.gif\u001b[39m","time":"2016-01-17T04:31:21.167Z","v":0}
{"name":"hexo","hostname":"liumingdeMBP.lan","pid":588,"level":20,"msg":"Added: \u001b[35mthemes/next/source/images/quote-l.svg\u001b[39m","time":"2016-01-17T04:31:21.167Z","v":0}
{"name":"hexo","hostname":"liumingdeMBP.lan","pid":588,"level":20,"msg":"Added: \u001b[35mthemes/next/source/images/quote-r.svg\u001b[39m","time":"2016-01-17T04:31:21.167Z","v":0}
{"name":"hexo","hostname":"liumingdeMBP.lan","pid":588,"level":20,"msg":"Added: \u001b[35mthemes/next/source/images/searchicon.png\u001b[39m","time":"2016-01-17T04:31:21.167Z","v":0}
{"name":"hexo","hostname":"liumingdeMBP.lan","pid":588,"level":20,"msg":"Added: \u001b[35mthemes/next/source/js/src/affix.js\u001b[39m","time":"2016-01-17T04:31:21.167Z","v":0}
{"name":"hexo","hostname":"liumingdeMBP.lan","pid":588,"level":20,"msg":"Added: \u001b[35mthemes/next/source/js/src/bootstrap.js\u001b[39m","time":"2016-01-17T04:31:21.167Z","v":0}
{"name":"hexo","hostname":"liumingdeMBP.lan","pid":588,"level":20,"msg":"Added: \u001b[35mthemes/next/source/js/src/hook-duoshuo.js\u001b[39m","time":"2016-01-17T04:31:21.167Z","v":0}
{"name":"hexo","hostname":"liumingdeMBP.lan","pid":588,"level":20,"msg":"Added: \u001b[35mthemes/next/source/js/src/motion.js\u001b[39m","time":"2016-01-17T04:31:21.167Z","v":0}
{"name":"hexo","hostname":"liumingdeMBP.lan","pid":588,"level":20,"msg":"Added: \u001b[35mthemes/next/source/js/src/schemes/pisces.js\u001b[39m","time":"2016-01-17T04:31:21.167Z","v":0}
{"name":"hexo","hostname":"liumingdeMBP.lan","pid":588,"level":20,"msg":"Added: \u001b[35mthemes/next/source/js/src/scrollspy.js\u001b[39m","time":"2016-01-17T04:31:21.167Z","v":0}
{"name":"hexo","hostname":"liumingdeMBP.lan","pid":588,"level":20,"msg":"Added: \u001b[35mthemes/next/source/js/src/utils.js\u001b[39m","time":"2016-01-17T04:31:21.168Z","v":0}
{"name":"hexo","hostname":"liumingdeMBP.lan","pid":588,"level":20,"msg":"Added: \u001b[35mthemes/next/source/vendors/fancybox/source/blank.gif\u001b[39m","time":"2016-01-17T04:31:21.168Z","v":0}
{"name":"hexo","hostname":"liumingdeMBP.lan","pid":588,"level":20,"msg":"Added: \u001b[35mthemes/next/source/vendors/fancybox/source/fancybox_loading.gif\u001b[39m","time":"2016-01-17T04:31:21.168Z","v":0}
{"name":"hexo","hostname":"liumingdeMBP.lan","pid":588,"level":20,"msg":"Added: \u001b[35mthemes/next/source/vendors/fancybox/source/fancybox_loading@2x.gif\u001b[39m","time":"2016-01-17T04:31:21.168Z","v":0}
{"name":"hexo","hostname":"liumingdeMBP.lan","pid":588,"level":20,"msg":"Added: \u001b[35mthemes/next/source/vendors/fancybox/source/fancybox_overlay.png\u001b[39m","time":"2016-01-17T04:31:21.168Z","v":0}
{"name":"hexo","hostname":"liumingdeMBP.lan","pid":588,"level":20,"msg":"Added: \u001b[35mthemes/next/source/vendors/fancybox/source/fancybox_sprite.png\u001b[39m","time":"2016-01-17T04:31:21.168Z","v":0}
{"name":"hexo","hostname":"liumingdeMBP.lan","pid":588,"level":20,"msg":"Added: \u001b[35mthemes/next/source/vendors/fancybox/source/fancybox_sprite@2x.png\u001b[39m","time":"2016-01-17T04:31:21.168Z","v":0}
{"name":"hexo","hostname":"liumingdeMBP.lan","pid":588,"level":20,"msg":"Added: \u001b[35mthemes/next/source/vendors/fancybox/source/helpers/fancybox_buttons.png\u001b[39m","time":"2016-01-17T04:31:21.168Z","v":0}
{"name":"hexo","hostname":"liumingdeMBP.lan","pid":588,"level":20,"msg":"Added: \u001b[35mthemes/next/source/vendors/fancybox/source/helpers/jquery.fancybox-buttons.css\u001b[39m","time":"2016-01-17T04:31:21.169Z","v":0}
{"name":"hexo","hostname":"liumingdeMBP.lan","pid":588,"level":20,"msg":"Added: \u001b[35mthemes/next/source/vendors/fancybox/source/helpers/jquery.fancybox-buttons.js\u001b[39m","time":"2016-01-17T04:31:21.169Z","v":0}
{"name":"hexo","hostname":"liumingdeMBP.lan","pid":588,"level":20,"msg":"Added: \u001b[35mthemes/next/source/vendors/fancybox/source/helpers/jquery.fancybox-media.js\u001b[39m","time":"2016-01-17T04:31:21.169Z","v":0}
{"name":"hexo","hostname":"liumingdeMBP.lan","pid":588,"level":20,"msg":"Added: \u001b[35mthemes/next/source/vendors/fancybox/source/helpers/jquery.fancybox-thumbs.css\u001b[39m","time":"2016-01-17T04:31:21.169Z","v":0}
{"name":"hexo","hostname":"liumingdeMBP.lan","pid":588,"level":20,"msg":"Added: \u001b[35mthemes/next/source/vendors/fancybox/source/helpers/jquery.fancybox-thumbs.js\u001b[39m","time":"2016-01-17T04:31:21.169Z","v":0}
{"name":"hexo","hostname":"liumingdeMBP.lan","pid":588,"level":20,"msg":"Added: \u001b[35mthemes/next/source/vendors/fancybox/source/jquery.fancybox.css\u001b[39m","time":"2016-01-17T04:31:21.169Z","v":0}
{"name":"hexo","hostname":"liumingdeMBP.lan","pid":588,"level":20,"msg":"Added: \u001b[35mthemes/next/source/vendors/fancybox/source/jquery.fancybox.js\u001b[39m","time":"2016-01-17T04:31:21.169Z","v":0}
{"name":"hexo","hostname":"liumingdeMBP.lan","pid":588,"level":20,"msg":"Added: \u001b[35mthemes/next/source/vendors/fastclick/LICENSE\u001b[39m","time":"2016-01-17T04:31:21.169Z","v":0}
{"name":"hexo","hostname":"liumingdeMBP.lan","pid":588,"level":20,"msg":"Added: \u001b[35mthemes/next/source/vendors/fancybox/source/jquery.fancybox.pack.js\u001b[39m","time":"2016-01-17T04:31:21.169Z","v":0}
{"name":"hexo","hostname":"liumingdeMBP.lan","pid":588,"level":20,"msg":"Added: \u001b[35mthemes/next/source/vendors/fastclick/README.md\u001b[39m","time":"2016-01-17T04:31:21.170Z","v":0}
{"name":"hexo","hostname":"liumingdeMBP.lan","pid":588,"level":20,"msg":"Added: \u001b[35mthemes/next/source/vendors/fastclick/bower.json\u001b[39m","time":"2016-01-17T04:31:21.170Z","v":0}
{"name":"hexo","hostname":"liumingdeMBP.lan","pid":588,"level":20,"msg":"Added: \u001b[35mthemes/next/source/vendors/fastclick/lib/fastclick.js\u001b[39m","time":"2016-01-17T04:31:21.170Z","v":0}
{"name":"hexo","hostname":"liumingdeMBP.lan","pid":588,"level":20,"msg":"Added: \u001b[35mthemes/next/source/vendors/fastclick/lib/fastclick.min.js\u001b[39m","time":"2016-01-17T04:31:21.170Z","v":0}
{"name":"hexo","hostname":"liumingdeMBP.lan","pid":588,"level":20,"msg":"Added: \u001b[35mthemes/next/source/vendors/font-awesome/HELP-US-OUT.txt\u001b[39m","time":"2016-01-17T04:31:21.170Z","v":0}
{"name":"hexo","hostname":"liumingdeMBP.lan","pid":588,"level":20,"msg":"Added: \u001b[35mthemes/next/source/vendors/font-awesome/bower.json\u001b[39m","time":"2016-01-17T04:31:21.170Z","v":0}
{"name":"hexo","hostname":"liumingdeMBP.lan","pid":588,"level":20,"msg":"Added: \u001b[35mthemes/next/source/vendors/font-awesome/css/font-awesome.css\u001b[39m","time":"2016-01-17T04:31:21.170Z","v":0}
{"name":"hexo","hostname":"liumingdeMBP.lan","pid":588,"level":20,"msg":"Added: \u001b[35mthemes/next/source/vendors/font-awesome/css/font-awesome.css.map\u001b[39m","time":"2016-01-17T04:31:21.170Z","v":0}
{"name":"hexo","hostname":"liumingdeMBP.lan","pid":588,"level":20,"msg":"Added: \u001b[35mthemes/next/source/vendors/font-awesome/css/font-awesome.min.css\u001b[39m","time":"2016-01-17T04:31:21.170Z","v":0}
{"name":"hexo","hostname":"liumingdeMBP.lan","pid":588,"level":20,"msg":"Added: \u001b[35mthemes/next/source/vendors/jquery_lazyload/README.md\u001b[39m","time":"2016-01-17T04:31:21.170Z","v":0}
{"name":"hexo","hostname":"liumingdeMBP.lan","pid":588,"level":20,"msg":"Added: \u001b[35mthemes/next/source/vendors/jquery_lazyload/CONTRIBUTING.md\u001b[39m","time":"2016-01-17T04:31:21.170Z","v":0}
{"name":"hexo","hostname":"liumingdeMBP.lan","pid":588,"level":20,"msg":"Added: \u001b[35mthemes/next/source/vendors/jquery_lazyload/bower.json\u001b[39m","time":"2016-01-17T04:31:21.170Z","v":0}
{"name":"hexo","hostname":"liumingdeMBP.lan","pid":588,"level":20,"msg":"Added: \u001b[35mthemes/next/source/vendors/jquery_lazyload/jquery.lazyload.js\u001b[39m","time":"2016-01-17T04:31:21.170Z","v":0}
{"name":"hexo","hostname":"liumingdeMBP.lan","pid":588,"level":20,"msg":"Added: \u001b[35mthemes/next/source/vendors/jquery_lazyload/jquery.scrollstop.js\u001b[39m","time":"2016-01-17T04:31:21.170Z","v":0}
{"name":"hexo","hostname":"liumingdeMBP.lan","pid":588,"level":20,"msg":"Added: \u001b[35mthemes/next/source/vendors/font-awesome/fonts/fontawesome-webfont.woff2\u001b[39m","time":"2016-01-17T04:31:21.171Z","v":0}
{"name":"hexo","hostname":"liumingdeMBP.lan","pid":588,"level":20,"msg":"Added: \u001b[35mthemes/next/source/vendors/ua-parser-js/dist/ua-parser.min.js\u001b[39m","time":"2016-01-17T04:31:21.171Z","v":0}
{"name":"hexo","hostname":"liumingdeMBP.lan","pid":588,"level":20,"msg":"Added: \u001b[35mthemes/next/source/vendors/velocity/bower.json\u001b[39m","time":"2016-01-17T04:31:21.171Z","v":0}
{"name":"hexo","hostname":"liumingdeMBP.lan","pid":588,"level":20,"msg":"Added: \u001b[35mthemes/next/source/vendors/ua-parser-js/dist/ua-parser.pack.js\u001b[39m","time":"2016-01-17T04:31:21.171Z","v":0}
{"name":"hexo","hostname":"liumingdeMBP.lan","pid":588,"level":20,"msg":"Added: \u001b[35mthemes/next/source/vendors/velocity/velocity.min.js\u001b[39m","time":"2016-01-17T04:31:21.171Z","v":0}
{"name":"hexo","hostname":"liumingdeMBP.lan","pid":588,"level":20,"msg":"Added: \u001b[35mthemes/next/source/vendors/velocity/velocity.ui.js\u001b[39m","time":"2016-01-17T04:31:21.171Z","v":0}
{"name":"hexo","hostname":"liumingdeMBP.lan","pid":588,"level":20,"msg":"Added: \u001b[35mthemes/next/source/vendors/velocity/velocity.ui.min.js\u001b[39m","time":"2016-01-17T04:31:21.171Z","v":0}
{"name":"hexo","hostname":"liumingdeMBP.lan","pid":588,"level":20,"msg":"Added: \u001b[35mthemes/next/test/helpers.js\u001b[39m","time":"2016-01-17T04:31:21.171Z","v":0}
{"name":"hexo","hostname":"liumingdeMBP.lan","pid":588,"level":20,"msg":"Added: \u001b[35mthemes/next/test/intern.js\u001b[39m","time":"2016-01-17T04:31:21.171Z","v":0}
{"name":"hexo","hostname":"liumingdeMBP.lan","pid":588,"level":20,"msg":"Added: \u001b[35mthemes/next/source/vendors/font-awesome/fonts/FontAwesome.otf\u001b[39m","time":"2016-01-17T04:31:21.187Z","v":0}
{"name":"hexo","hostname":"liumingdeMBP.lan","pid":588,"level":20,"msg":"Added: \u001b[35mthemes/next/source/vendors/font-awesome/fonts/fontawesome-webfont.eot\u001b[39m","time":"2016-01-17T04:31:21.187Z","v":0}
{"name":"hexo","hostname":"liumingdeMBP.lan","pid":588,"level":20,"msg":"Added: \u001b[35mthemes/next/source/vendors/font-awesome/fonts/fontawesome-webfont.woff\u001b[39m","time":"2016-01-17T04:31:21.187Z","v":0}
{"name":"hexo","hostname":"liumingdeMBP.lan","pid":588,"level":20,"msg":"Added: \u001b[35mthemes/next/source/vendors/jquery/index.js\u001b[39m","time":"2016-01-17T04:31:21.187Z","v":0}
{"name":"hexo","hostname":"liumingdeMBP.lan","pid":588,"level":20,"msg":"Added: \u001b[35mthemes/next/source/vendors/font-awesome/fonts/fontawesome-webfont.ttf\u001b[39m","time":"2016-01-17T04:31:21.188Z","v":0}
{"name":"hexo","hostname":"liumingdeMBP.lan","pid":588,"level":20,"msg":"Added: \u001b[35mthemes/next/source/vendors/velocity/velocity.js\u001b[39m","time":"2016-01-17T04:31:21.189Z","v":0}
{"name":"hexo","hostname":"liumingdeMBP.lan","pid":588,"level":20,"msg":"Added: \u001b[35mthemes/next/source/vendors/font-awesome/fonts/fontawesome-webfont.svg\u001b[39m","time":"2016-01-17T04:31:21.189Z","v":0}
{"name":"hexo","hostname":"liumingdeMBP.lan","pid":588,"level":20,"msg":"Processed: \u001b[35msource/vendors/velocity/velocity.ui.min.js\u001b[39m","time":"2016-01-17T04:31:21.191Z","v":0}
{"name":"hexo","hostname":"liumingdeMBP.lan","pid":588,"level":20,"msg":"Processed: \u001b[35msource/vendors/velocity/velocity.ui.js\u001b[39m","time":"2016-01-17T04:31:21.191Z","v":0}
{"name":"hexo","hostname":"liumingdeMBP.lan","pid":588,"level":20,"msg":"Processed: \u001b[35msource/vendors/velocity/velocity.min.js\u001b[39m","time":"2016-01-17T04:31:21.191Z","v":0}
{"name":"hexo","hostname":"liumingdeMBP.lan","pid":588,"level":20,"msg":"Processed: \u001b[35msource/vendors/velocity/velocity.js\u001b[39m","time":"2016-01-17T04:31:21.192Z","v":0}
{"name":"hexo","hostname":"liumingdeMBP.lan","pid":588,"level":20,"msg":"Processed: \u001b[35msource/vendors/velocity/bower.json\u001b[39m","time":"2016-01-17T04:31:21.192Z","v":0}
{"name":"hexo","hostname":"liumingdeMBP.lan","pid":588,"level":20,"msg":"Processed: \u001b[35msource/vendors/ua-parser-js/dist/ua-parser.pack.js\u001b[39m","time":"2016-01-17T04:31:21.192Z","v":0}
{"name":"hexo","hostname":"liumingdeMBP.lan","pid":588,"level":20,"msg":"Processed: \u001b[35msource/vendors/ua-parser-js/dist/ua-parser.min.js\u001b[39m","time":"2016-01-17T04:31:21.192Z","v":0}
{"name":"hexo","hostname":"liumingdeMBP.lan","pid":588,"level":20,"msg":"Processed: \u001b[35msource/vendors/jquery_lazyload/jquery.scrollstop.js\u001b[39m","time":"2016-01-17T04:31:21.193Z","v":0}
{"name":"hexo","hostname":"liumingdeMBP.lan","pid":588,"level":20,"msg":"Processed: \u001b[35msource/vendors/jquery_lazyload/jquery.lazyload.js\u001b[39m","time":"2016-01-17T04:31:21.193Z","v":0}
{"name":"hexo","hostname":"liumingdeMBP.lan","pid":588,"level":20,"msg":"Processed: \u001b[35msource/vendors/jquery_lazyload/bower.json\u001b[39m","time":"2016-01-17T04:31:21.193Z","v":0}
{"name":"hexo","hostname":"liumingdeMBP.lan","pid":588,"level":20,"msg":"Processed: \u001b[35msource/vendors/jquery_lazyload/README.md\u001b[39m","time":"2016-01-17T04:31:21.193Z","v":0}
{"name":"hexo","hostname":"liumingdeMBP.lan","pid":588,"level":20,"msg":"Processed: \u001b[35msource/vendors/jquery_lazyload/CONTRIBUTING.md\u001b[39m","time":"2016-01-17T04:31:21.193Z","v":0}
{"name":"hexo","hostname":"liumingdeMBP.lan","pid":588,"level":20,"msg":"Processed: \u001b[35msource/vendors/jquery/index.js\u001b[39m","time":"2016-01-17T04:31:21.194Z","v":0}
{"name":"hexo","hostname":"liumingdeMBP.lan","pid":588,"level":20,"msg":"Processed: \u001b[35msource/vendors/font-awesome/fonts/fontawesome-webfont.woff2\u001b[39m","time":"2016-01-17T04:31:21.194Z","v":0}
{"name":"hexo","hostname":"liumingdeMBP.lan","pid":588,"level":20,"msg":"Processed: \u001b[35msource/vendors/font-awesome/fonts/fontawesome-webfont.woff\u001b[39m","time":"2016-01-17T04:31:21.194Z","v":0}
{"name":"hexo","hostname":"liumingdeMBP.lan","pid":588,"level":20,"msg":"Processed: \u001b[35msource/vendors/font-awesome/fonts/fontawesome-webfont.ttf\u001b[39m","time":"2016-01-17T04:31:21.194Z","v":0}
{"name":"hexo","hostname":"liumingdeMBP.lan","pid":588,"level":20,"msg":"Processed: \u001b[35msource/vendors/font-awesome/fonts/fontawesome-webfont.svg\u001b[39m","time":"2016-01-17T04:31:21.194Z","v":0}
{"name":"hexo","hostname":"liumingdeMBP.lan","pid":588,"level":20,"msg":"Processed: \u001b[35msource/vendors/font-awesome/fonts/fontawesome-webfont.eot\u001b[39m","time":"2016-01-17T04:31:21.195Z","v":0}
{"name":"hexo","hostname":"liumingdeMBP.lan","pid":588,"level":20,"msg":"Processed: \u001b[35msource/vendors/font-awesome/fonts/FontAwesome.otf\u001b[39m","time":"2016-01-17T04:31:21.195Z","v":0}
{"name":"hexo","hostname":"liumingdeMBP.lan","pid":588,"level":20,"msg":"Processed: \u001b[35msource/vendors/font-awesome/css/font-awesome.min.css\u001b[39m","time":"2016-01-17T04:31:21.195Z","v":0}
{"name":"hexo","hostname":"liumingdeMBP.lan","pid":588,"level":20,"msg":"Processed: \u001b[35msource/vendors/font-awesome/css/font-awesome.css.map\u001b[39m","time":"2016-01-17T04:31:21.195Z","v":0}
{"name":"hexo","hostname":"liumingdeMBP.lan","pid":588,"level":20,"msg":"Processed: \u001b[35msource/vendors/font-awesome/css/font-awesome.css\u001b[39m","time":"2016-01-17T04:31:21.195Z","v":0}
{"name":"hexo","hostname":"liumingdeMBP.lan","pid":588,"level":20,"msg":"Processed: \u001b[35msource/vendors/font-awesome/bower.json\u001b[39m","time":"2016-01-17T04:31:21.196Z","v":0}
{"name":"hexo","hostname":"liumingdeMBP.lan","pid":588,"level":20,"msg":"Processed: \u001b[35msource/vendors/font-awesome/HELP-US-OUT.txt\u001b[39m","time":"2016-01-17T04:31:21.196Z","v":0}
{"name":"hexo","hostname":"liumingdeMBP.lan","pid":588,"level":20,"msg":"Processed: \u001b[35msource/vendors/fastclick/lib/fastclick.min.js\u001b[39m","time":"2016-01-17T04:31:21.196Z","v":0}
{"name":"hexo","hostname":"liumingdeMBP.lan","pid":588,"level":20,"msg":"Processed: \u001b[35msource/vendors/fastclick/lib/fastclick.js\u001b[39m","time":"2016-01-17T04:31:21.196Z","v":0}
{"name":"hexo","hostname":"liumingdeMBP.lan","pid":588,"level":20,"msg":"Processed: \u001b[35msource/vendors/fastclick/bower.json\u001b[39m","time":"2016-01-17T04:31:21.196Z","v":0}
{"name":"hexo","hostname":"liumingdeMBP.lan","pid":588,"level":20,"msg":"Processed: \u001b[35msource/vendors/fastclick/README.md\u001b[39m","time":"2016-01-17T04:31:21.196Z","v":0}
{"name":"hexo","hostname":"liumingdeMBP.lan","pid":588,"level":20,"msg":"Processed: \u001b[35msource/vendors/fastclick/LICENSE\u001b[39m","time":"2016-01-17T04:31:21.197Z","v":0}
{"name":"hexo","hostname":"liumingdeMBP.lan","pid":588,"level":20,"msg":"Processed: \u001b[35msource/vendors/fancybox/source/jquery.fancybox.pack.js\u001b[39m","time":"2016-01-17T04:31:21.197Z","v":0}
{"name":"hexo","hostname":"liumingdeMBP.lan","pid":588,"level":20,"msg":"Processed: \u001b[35msource/vendors/fancybox/source/jquery.fancybox.js\u001b[39m","time":"2016-01-17T04:31:21.197Z","v":0}
{"name":"hexo","hostname":"liumingdeMBP.lan","pid":588,"level":20,"msg":"Processed: \u001b[35msource/vendors/fancybox/source/jquery.fancybox.css\u001b[39m","time":"2016-01-17T04:31:21.197Z","v":0}
{"name":"hexo","hostname":"liumingdeMBP.lan","pid":588,"level":20,"msg":"Processed: \u001b[35msource/vendors/fancybox/source/helpers/jquery.fancybox-thumbs.js\u001b[39m","time":"2016-01-17T04:31:21.197Z","v":0}
{"name":"hexo","hostname":"liumingdeMBP.lan","pid":588,"level":20,"msg":"Processed: \u001b[35msource/vendors/fancybox/source/helpers/jquery.fancybox-thumbs.css\u001b[39m","time":"2016-01-17T04:31:21.198Z","v":0}
{"name":"hexo","hostname":"liumingdeMBP.lan","pid":588,"level":20,"msg":"Processed: \u001b[35msource/vendors/fancybox/source/helpers/jquery.fancybox-media.js\u001b[39m","time":"2016-01-17T04:31:21.198Z","v":0}
{"name":"hexo","hostname":"liumingdeMBP.lan","pid":588,"level":20,"msg":"Processed: \u001b[35msource/vendors/fancybox/source/helpers/jquery.fancybox-buttons.js\u001b[39m","time":"2016-01-17T04:31:21.198Z","v":0}
{"name":"hexo","hostname":"liumingdeMBP.lan","pid":588,"level":20,"msg":"Processed: \u001b[35msource/vendors/fancybox/source/helpers/jquery.fancybox-buttons.css\u001b[39m","time":"2016-01-17T04:31:21.198Z","v":0}
{"name":"hexo","hostname":"liumingdeMBP.lan","pid":588,"level":20,"msg":"Processed: \u001b[35msource/vendors/fancybox/source/helpers/fancybox_buttons.png\u001b[39m","time":"2016-01-17T04:31:21.199Z","v":0}
{"name":"hexo","hostname":"liumingdeMBP.lan","pid":588,"level":20,"msg":"Processed: \u001b[35msource/vendors/fancybox/source/fancybox_sprite@2x.png\u001b[39m","time":"2016-01-17T04:31:21.199Z","v":0}
{"name":"hexo","hostname":"liumingdeMBP.lan","pid":588,"level":20,"msg":"Processed: \u001b[35msource/vendors/fancybox/source/fancybox_sprite.png\u001b[39m","time":"2016-01-17T04:31:21.200Z","v":0}
{"name":"hexo","hostname":"liumingdeMBP.lan","pid":588,"level":20,"msg":"Processed: \u001b[35msource/vendors/fancybox/source/fancybox_overlay.png\u001b[39m","time":"2016-01-17T04:31:21.201Z","v":0}
{"name":"hexo","hostname":"liumingdeMBP.lan","pid":588,"level":20,"msg":"Processed: \u001b[35msource/vendors/fancybox/source/fancybox_loading@2x.gif\u001b[39m","time":"2016-01-17T04:31:21.201Z","v":0}
{"name":"hexo","hostname":"liumingdeMBP.lan","pid":588,"level":20,"msg":"Processed: \u001b[35msource/vendors/fancybox/source/fancybox_loading.gif\u001b[39m","time":"2016-01-17T04:31:21.201Z","v":0}
{"name":"hexo","hostname":"liumingdeMBP.lan","pid":588,"level":20,"msg":"Processed: \u001b[35msource/vendors/fancybox/source/blank.gif\u001b[39m","time":"2016-01-17T04:31:21.201Z","v":0}
{"name":"hexo","hostname":"liumingdeMBP.lan","pid":588,"level":20,"msg":"Processed: \u001b[35msource/js/src/utils.js\u001b[39m","time":"2016-01-17T04:31:21.202Z","v":0}
{"name":"hexo","hostname":"liumingdeMBP.lan","pid":588,"level":20,"msg":"Processed: \u001b[35msource/js/src/scrollspy.js\u001b[39m","time":"2016-01-17T04:31:21.202Z","v":0}
{"name":"hexo","hostname":"liumingdeMBP.lan","pid":588,"level":20,"msg":"Processed: \u001b[35msource/js/src/schemes/pisces.js\u001b[39m","time":"2016-01-17T04:31:21.202Z","v":0}
{"name":"hexo","hostname":"liumingdeMBP.lan","pid":588,"level":20,"msg":"Processed: \u001b[35msource/js/src/motion.js\u001b[39m","time":"2016-01-17T04:31:21.203Z","v":0}
{"name":"hexo","hostname":"liumingdeMBP.lan","pid":588,"level":20,"msg":"Processed: \u001b[35msource/js/src/hook-duoshuo.js\u001b[39m","time":"2016-01-17T04:31:21.203Z","v":0}
{"name":"hexo","hostname":"liumingdeMBP.lan","pid":588,"level":20,"msg":"Processed: \u001b[35msource/js/src/bootstrap.js\u001b[39m","time":"2016-01-17T04:31:21.203Z","v":0}
{"name":"hexo","hostname":"liumingdeMBP.lan","pid":588,"level":20,"msg":"Processed: \u001b[35msource/js/src/affix.js\u001b[39m","time":"2016-01-17T04:31:21.203Z","v":0}
{"name":"hexo","hostname":"liumingdeMBP.lan","pid":588,"level":20,"msg":"Processed: \u001b[35msource/images/searchicon.png\u001b[39m","time":"2016-01-17T04:31:21.203Z","v":0}
{"name":"hexo","hostname":"liumingdeMBP.lan","pid":588,"level":20,"msg":"Processed: \u001b[35msource/images/quote-r.svg\u001b[39m","time":"2016-01-17T04:31:21.204Z","v":0}
{"name":"hexo","hostname":"liumingdeMBP.lan","pid":588,"level":20,"msg":"Processed: \u001b[35msource/images/quote-l.svg\u001b[39m","time":"2016-01-17T04:31:21.204Z","v":0}
{"name":"hexo","hostname":"liumingdeMBP.lan","pid":588,"level":20,"msg":"Processed: \u001b[35msource/images/placeholder.gif\u001b[39m","time":"2016-01-17T04:31:21.204Z","v":0}
{"name":"hexo","hostname":"liumingdeMBP.lan","pid":588,"level":20,"msg":"Processed: \u001b[35msource/images/loading.gif\u001b[39m","time":"2016-01-17T04:31:21.204Z","v":0}
{"name":"hexo","hostname":"liumingdeMBP.lan","pid":588,"level":20,"msg":"Processed: \u001b[35msource/images/cc-zero.svg\u001b[39m","time":"2016-01-17T04:31:21.204Z","v":0}
{"name":"hexo","hostname":"liumingdeMBP.lan","pid":588,"level":20,"msg":"Processed: \u001b[35msource/images/cc-by.svg\u001b[39m","time":"2016-01-17T04:31:21.205Z","v":0}
{"name":"hexo","hostname":"liumingdeMBP.lan","pid":588,"level":20,"msg":"Processed: \u001b[35msource/images/cc-by-sa.svg\u001b[39m","time":"2016-01-17T04:31:21.205Z","v":0}
{"name":"hexo","hostname":"liumingdeMBP.lan","pid":588,"level":20,"msg":"Processed: \u001b[35msource/images/cc-by-nd.svg\u001b[39m","time":"2016-01-17T04:31:21.205Z","v":0}
{"name":"hexo","hostname":"liumingdeMBP.lan","pid":588,"level":20,"msg":"Processed: \u001b[35msource/images/cc-by-nc.svg\u001b[39m","time":"2016-01-17T04:31:21.205Z","v":0}
{"name":"hexo","hostname":"liumingdeMBP.lan","pid":588,"level":20,"msg":"Processed: \u001b[35msource/images/cc-by-nc-sa.svg\u001b[39m","time":"2016-01-17T04:31:21.206Z","v":0}
{"name":"hexo","hostname":"liumingdeMBP.lan","pid":588,"level":20,"msg":"Processed: \u001b[35msource/images/cc-by-nc-nd.svg\u001b[39m","time":"2016-01-17T04:31:21.206Z","v":0}
{"name":"hexo","hostname":"liumingdeMBP.lan","pid":588,"level":20,"msg":"Processed: \u001b[35msource/css/main.styl\u001b[39m","time":"2016-01-17T04:31:21.207Z","v":0}
{"name":"hexo","hostname":"liumingdeMBP.lan","pid":588,"level":20,"msg":"Processed: \u001b[35mlayout/tag.swig\u001b[39m","time":"2016-01-17T04:31:21.215Z","v":0}
{"name":"hexo","hostname":"liumingdeMBP.lan","pid":588,"level":20,"msg":"Processed: \u001b[35mlayout/post.swig\u001b[39m","time":"2016-01-17T04:31:21.215Z","v":0}
{"name":"hexo","hostname":"liumingdeMBP.lan","pid":588,"level":20,"msg":"Processed: \u001b[35mlayout/page.swig\u001b[39m","time":"2016-01-17T04:31:21.218Z","v":0}
{"name":"hexo","hostname":"liumingdeMBP.lan","pid":588,"level":20,"msg":"Processed: \u001b[35mlayout/index.swig\u001b[39m","time":"2016-01-17T04:31:21.218Z","v":0}
{"name":"hexo","hostname":"liumingdeMBP.lan","pid":588,"level":20,"msg":"Processed: \u001b[35mlayout/category.swig\u001b[39m","time":"2016-01-17T04:31:21.219Z","v":0}
{"name":"hexo","hostname":"liumingdeMBP.lan","pid":588,"level":20,"msg":"Processed: \u001b[35mlayout/archive.swig\u001b[39m","time":"2016-01-17T04:31:21.219Z","v":0}
{"name":"hexo","hostname":"liumingdeMBP.lan","pid":588,"level":20,"msg":"Processed: \u001b[35mlayout/_scripts/vendors.swig\u001b[39m","time":"2016-01-17T04:31:21.220Z","v":0}
{"name":"hexo","hostname":"liumingdeMBP.lan","pid":588,"level":20,"msg":"Processed: \u001b[35mlayout/_scripts/third-party/tinysou.swig\u001b[39m","time":"2016-01-17T04:31:21.220Z","v":0}
{"name":"hexo","hostname":"liumingdeMBP.lan","pid":588,"level":20,"msg":"Processed: \u001b[35mlayout/_scripts/third-party/mathjax.swig\u001b[39m","time":"2016-01-17T04:31:21.220Z","v":0}
{"name":"hexo","hostname":"liumingdeMBP.lan","pid":588,"level":20,"msg":"Processed: \u001b[35mlayout/_scripts/third-party/lean-analytics.swig\u001b[39m","time":"2016-01-17T04:31:21.221Z","v":0}
{"name":"hexo","hostname":"liumingdeMBP.lan","pid":588,"level":20,"msg":"Processed: \u001b[35mlayout/_scripts/third-party/comments.swig\u001b[39m","time":"2016-01-17T04:31:21.221Z","v":0}
{"name":"hexo","hostname":"liumingdeMBP.lan","pid":588,"level":20,"msg":"Processed: \u001b[35mlayout/_scripts/third-party/comments/duoshuo.swig\u001b[39m","time":"2016-01-17T04:31:21.222Z","v":0}
{"name":"hexo","hostname":"liumingdeMBP.lan","pid":588,"level":20,"msg":"Processed: \u001b[35mlayout/_scripts/third-party/comments/disqus.swig\u001b[39m","time":"2016-01-17T04:31:21.222Z","v":0}
{"name":"hexo","hostname":"liumingdeMBP.lan","pid":588,"level":20,"msg":"Processed: \u001b[35mlayout/_scripts/third-party/baidushare.swig\u001b[39m","time":"2016-01-17T04:31:21.223Z","v":0}
{"name":"hexo","hostname":"liumingdeMBP.lan","pid":588,"level":20,"msg":"Processed: \u001b[35mlayout/_scripts/third-party/analytics.swig\u001b[39m","time":"2016-01-17T04:31:21.223Z","v":0}
{"name":"hexo","hostname":"liumingdeMBP.lan","pid":588,"level":20,"msg":"Processed: \u001b[35mlayout/_scripts/third-party/analytics/tencent-analytics.swig\u001b[39m","time":"2016-01-17T04:31:21.223Z","v":0}
{"name":"hexo","hostname":"liumingdeMBP.lan","pid":588,"level":20,"msg":"Processed: \u001b[35mlayout/_scripts/third-party/analytics/google-analytics.swig\u001b[39m","time":"2016-01-17T04:31:21.225Z","v":0}
{"name":"hexo","hostname":"liumingdeMBP.lan","pid":588,"level":20,"msg":"Processed: \u001b[35mlayout/_scripts/third-party/analytics/facebook-sdk.swig\u001b[39m","time":"2016-01-17T04:31:21.225Z","v":0}
{"name":"hexo","hostname":"liumingdeMBP.lan","pid":588,"level":20,"msg":"Processed: \u001b[35mlayout/_scripts/third-party/analytics/baidu-analytics.swig\u001b[39m","time":"2016-01-17T04:31:21.225Z","v":0}
{"name":"hexo","hostname":"liumingdeMBP.lan","pid":588,"level":20,"msg":"Processed: \u001b[35mlayout/_scripts/schemes/pisces.swig\u001b[39m","time":"2016-01-17T04:31:21.226Z","v":0}
{"name":"hexo","hostname":"liumingdeMBP.lan","pid":588,"level":20,"msg":"Processed: \u001b[35mlayout/_scripts/schemes/muse.swig\u001b[39m","time":"2016-01-17T04:31:21.227Z","v":0}
{"name":"hexo","hostname":"liumingdeMBP.lan","pid":588,"level":20,"msg":"Processed: \u001b[35mlayout/_scripts/schemes/mist.swig\u001b[39m","time":"2016-01-17T04:31:21.228Z","v":0}
{"name":"hexo","hostname":"liumingdeMBP.lan","pid":588,"level":20,"msg":"Processed: \u001b[35mlayout/_scripts/pages/post-details.swig\u001b[39m","time":"2016-01-17T04:31:21.228Z","v":0}
{"name":"hexo","hostname":"liumingdeMBP.lan","pid":588,"level":20,"msg":"Processed: \u001b[35mlayout/_scripts/commons.swig\u001b[39m","time":"2016-01-17T04:31:21.228Z","v":0}
{"name":"hexo","hostname":"liumingdeMBP.lan","pid":588,"level":20,"msg":"Processed: \u001b[35mlayout/_scripts/boostrap.swig\u001b[39m","time":"2016-01-17T04:31:21.228Z","v":0}
{"name":"hexo","hostname":"liumingdeMBP.lan","pid":588,"level":20,"msg":"Processed: \u001b[35mlayout/_partials/share/jiathis.swig\u001b[39m","time":"2016-01-17T04:31:21.229Z","v":0}
{"name":"hexo","hostname":"liumingdeMBP.lan","pid":588,"level":20,"msg":"Processed: \u001b[35mlayout/_partials/share/duoshuo_share.swig\u001b[39m","time":"2016-01-17T04:31:21.229Z","v":0}
{"name":"hexo","hostname":"liumingdeMBP.lan","pid":588,"level":20,"msg":"Processed: \u001b[35mlayout/_partials/search.swig\u001b[39m","time":"2016-01-17T04:31:21.230Z","v":0}
{"name":"hexo","hostname":"liumingdeMBP.lan","pid":588,"level":20,"msg":"Processed: \u001b[35mlayout/_partials/search/tinysou.swig\u001b[39m","time":"2016-01-17T04:31:21.231Z","v":0}
{"name":"hexo","hostname":"liumingdeMBP.lan","pid":588,"level":20,"msg":"Processed: \u001b[35mlayout/_partials/search/swiftype.swig\u001b[39m","time":"2016-01-17T04:31:21.231Z","v":0}
{"name":"hexo","hostname":"liumingdeMBP.lan","pid":588,"level":20,"msg":"Processed: \u001b[35mlayout/_partials/pagination.swig\u001b[39m","time":"2016-01-17T04:31:21.231Z","v":0}
{"name":"hexo","hostname":"liumingdeMBP.lan","pid":588,"level":20,"msg":"Processed: \u001b[35mlayout/_partials/header.swig\u001b[39m","time":"2016-01-17T04:31:21.232Z","v":0}
{"name":"hexo","hostname":"liumingdeMBP.lan","pid":588,"level":20,"msg":"Processed: \u001b[35mlayout/_partials/head.swig\u001b[39m","time":"2016-01-17T04:31:21.232Z","v":0}
{"name":"hexo","hostname":"liumingdeMBP.lan","pid":588,"level":20,"msg":"Processed: \u001b[35mlayout/_partials/footer.swig\u001b[39m","time":"2016-01-17T04:31:21.232Z","v":0}
{"name":"hexo","hostname":"liumingdeMBP.lan","pid":588,"level":20,"msg":"Processed: \u001b[35mlayout/_partials/duoshuo-hot-articles.swig\u001b[39m","time":"2016-01-17T04:31:21.232Z","v":0}
{"name":"hexo","hostname":"liumingdeMBP.lan","pid":588,"level":20,"msg":"Processed: \u001b[35mlayout/_partials/comments.swig\u001b[39m","time":"2016-01-17T04:31:21.233Z","v":0}
{"name":"hexo","hostname":"liumingdeMBP.lan","pid":588,"level":20,"msg":"Processed: \u001b[35mlayout/_macro/sidebar.swig\u001b[39m","time":"2016-01-17T04:31:21.233Z","v":0}
{"name":"hexo","hostname":"liumingdeMBP.lan","pid":588,"level":20,"msg":"Processed: \u001b[35mlayout/_macro/post.swig\u001b[39m","time":"2016-01-17T04:31:21.233Z","v":0}
{"name":"hexo","hostname":"liumingdeMBP.lan","pid":588,"level":20,"msg":"Processed: \u001b[35mlayout/_macro/post-collapse.swig\u001b[39m","time":"2016-01-17T04:31:21.233Z","v":0}
{"name":"hexo","hostname":"liumingdeMBP.lan","pid":588,"level":20,"msg":"Processed: \u001b[35mlayout/_layout.swig\u001b[39m","time":"2016-01-17T04:31:21.234Z","v":0}
{"name":"hexo","hostname":"liumingdeMBP.lan","pid":588,"level":20,"msg":"Processed: \u001b[35mlanguages/zh-tw.yml\u001b[39m","time":"2016-01-17T04:31:21.236Z","v":0}
{"name":"hexo","hostname":"liumingdeMBP.lan","pid":588,"level":20,"msg":"Processed: \u001b[35mlanguages/zh-hk.yml\u001b[39m","time":"2016-01-17T04:31:21.237Z","v":0}
{"name":"hexo","hostname":"liumingdeMBP.lan","pid":588,"level":20,"msg":"Processed: \u001b[35mlanguages/zh-Hans.yml\u001b[39m","time":"2016-01-17T04:31:21.240Z","v":0}
{"name":"hexo","hostname":"liumingdeMBP.lan","pid":588,"level":20,"msg":"Processed: \u001b[35mlanguages/ru.yml\u001b[39m","time":"2016-01-17T04:31:21.241Z","v":0}
{"name":"hexo","hostname":"liumingdeMBP.lan","pid":588,"level":20,"msg":"Processed: \u001b[35mlanguages/pt.yml\u001b[39m","time":"2016-01-17T04:31:21.243Z","v":0}
{"name":"hexo","hostname":"liumingdeMBP.lan","pid":588,"level":20,"msg":"Processed: \u001b[35mlanguages/fr-FR.yml\u001b[39m","time":"2016-01-17T04:31:21.243Z","v":0}
{"name":"hexo","hostname":"liumingdeMBP.lan","pid":588,"level":20,"msg":"Processed: \u001b[35mlanguages/en.yml\u001b[39m","time":"2016-01-17T04:31:21.244Z","v":0}
{"name":"hexo","hostname":"liumingdeMBP.lan","pid":588,"level":20,"msg":"Processed: \u001b[35mlanguages/default.yml\u001b[39m","time":"2016-01-17T04:31:21.245Z","v":0}
{"name":"hexo","hostname":"liumingdeMBP.lan","pid":588,"level":20,"msg":"Processed: \u001b[35mlanguages/de.yml\u001b[39m","time":"2016-01-17T04:31:21.246Z","v":0}
{"name":"hexo","hostname":"liumingdeMBP.lan","pid":588,"level":20,"msg":"Theme config loaded.","time":"2016-01-17T04:31:21.247Z","v":0}
{"name":"hexo","hostname":"liumingdeMBP.lan","pid":588,"level":20,"msg":"Processed: \u001b[35m_config.yml\u001b[39m","time":"2016-01-17T04:31:21.247Z","v":0}
{"name":"hexo","hostname":"liumingdeMBP.lan","pid":588,"level":20,"msg":"Generator: \u001b[35mpage\u001b[39m","time":"2016-01-17T04:31:21.468Z","v":0}
{"name":"hexo","hostname":"liumingdeMBP.lan","pid":588,"level":20,"msg":"Generator: \u001b[35mpost\u001b[39m","time":"2016-01-17T04:31:21.468Z","v":0}
{"name":"hexo","hostname":"liumingdeMBP.lan","pid":588,"level":20,"msg":"Generator: \u001b[35marchive\u001b[39m","time":"2016-01-17T04:31:21.468Z","v":0}
{"name":"hexo","hostname":"liumingdeMBP.lan","pid":588,"level":20,"msg":"Generator: \u001b[35mindex\u001b[39m","time":"2016-01-17T04:31:21.468Z","v":0}
{"name":"hexo","hostname":"liumingdeMBP.lan","pid":588,"level":20,"msg":"Generator: \u001b[35mtag\u001b[39m","time":"2016-01-17T04:31:21.468Z","v":0}
{"name":"hexo","hostname":"liumingdeMBP.lan","pid":588,"level":20,"msg":"Generator: \u001b[35mcategory\u001b[39m","time":"2016-01-17T04:31:21.469Z","v":0}
{"name":"hexo","hostname":"liumingdeMBP.lan","pid":588,"level":20,"msg":"Generator: \u001b[35masset\u001b[39m","time":"2016-01-17T04:31:21.470Z","v":0}
{"name":"hexo","hostname":"liumingdeMBP.lan","pid":588,"level":30,"msg":"Hexo is running at \u001b[4mhttp://0.0.0.0:4000/\u001b[24m. Press Ctrl+C to stop.","time":"2016-01-17T04:31:21.475Z","v":0}
{"name":"hexo","hostname":"liumingdeMBP.lan","pid":588,"level":20,"msg":"Database saved","time":"2016-01-17T04:31:21.486Z","v":0}
{"name":"hexo","hostname":"liumingdeMBP.lan","pid":588,"level":20,"msg":"Rendering index: \u001b[35mindex.html\u001b[39m","time":"2016-01-17T04:31:44.052Z","v":0}
{"name":"hexo","hostname":"liumingdeMBP.lan","pid":588,"level":20,"msg":"Updated: \u001b[35mthemes/next/_config.yml\u001b[39m","time":"2016-01-17T04:33:19.458Z","v":0}
{"name":"hexo","hostname":"liumingdeMBP.lan","pid":588,"level":20,"msg":"Theme config loaded.","time":"2016-01-17T04:33:19.563Z","v":0}
{"name":"hexo","hostname":"liumingdeMBP.lan","pid":588,"level":20,"msg":"Processed: \u001b[35m_config.yml\u001b[39m","time":"2016-01-17T04:33:19.563Z","v":0}
{"name":"hexo","hostname":"liumingdeMBP.lan","pid":588,"level":20,"msg":"Generator: \u001b[35mpage\u001b[39m","time":"2016-01-17T04:33:19.585Z","v":0}
{"name":"hexo","hostname":"liumingdeMBP.lan","pid":588,"level":20,"msg":"Generator: \u001b[35mpost\u001b[39m","time":"2016-01-17T04:33:19.585Z","v":0}
{"name":"hexo","hostname":"liumingdeMBP.lan","pid":588,"level":20,"msg":"Generator: \u001b[35marchive\u001b[39m","time":"2016-01-17T04:33:19.585Z","v":0}
{"name":"hexo","hostname":"liumingdeMBP.lan","pid":588,"level":20,"msg":"Generator: \u001b[35mindex\u001b[39m","time":"2016-01-17T04:33:19.585Z","v":0}
{"name":"hexo","hostname":"liumingdeMBP.lan","pid":588,"level":20,"msg":"Generator: \u001b[35mtag\u001b[39m","time":"2016-01-17T04:33:19.585Z","v":0}
{"name":"hexo","hostname":"liumingdeMBP.lan","pid":588,"level":20,"msg":"Generator: \u001b[35mcategory\u001b[39m","time":"2016-01-17T04:33:19.585Z","v":0}
{"name":"hexo","hostname":"liumingdeMBP.lan","pid":588,"level":20,"msg":"Generator: \u001b[35masset\u001b[39m","time":"2016-01-17T04:33:19.588Z","v":0}
{"name":"hexo","hostname":"liumingdeMBP.lan","pid":588,"level":30,"msg":"Catch you later","time":"2016-01-17T04:33:24.728Z","v":0}
{"name":"hexo","hostname":"liumingdeMBP.lan","pid":588,"level":20,"msg":"Database saved","time":"2016-01-17T04:33:24.742Z","v":0}
